# JRE version: OpenJDK Runtime Environment (11.0.8+10) (build 11.0.8+10-b944.6842174)
# Java VM: OpenJDK 64-Bit Server VM (11.0.8+10-b944.6842174, mixed mode, tiered, compressed oops, g1 gc, windows-amd64)
Heap:
 garbage-first heap   total 681984K, used 143520K [0x0000000080000000, 0x0000000100000000)
  region size 1024K, 3 young (3072K), 3 survivors (3072K)
 Metaspace       used 126871K, capacity 129912K, committed 130176K, reserved 1163264K
  class space    used 15333K, capacity 16427K, committed 16512K, reserved 1048576K
GC Heap History (20 events):
Event: 236.307 GC heap after
{Heap after GC invocations=91 (full 0):
 garbage-first heap   total 356352K, used 114960K [0x0000000080000000, 0x0000000100000000)
  region size 1024K, 3 young (3072K), 3 survivors (3072K)
 Metaspace       used 125459K, capacity 128471K, committed 128512K, reserved 1161216K
  class space    used 15263K, capacity 16357K, committed 16384K, reserved 1048576K
}
Event: 236.353 GC heap before
{Heap before GC invocations=91 (full 0):
 garbage-first heap   total 356352K, used 117008K [0x0000000080000000, 0x0000000100000000)
  region size 1024K, 7 young (7168K), 3 survivors (3072K)
 Metaspace       used 125481K, capacity 128535K, committed 128768K, reserved 1161216K
  class space    used 15263K, capacity 16357K, committed 16384K, reserved 1048576K
}
Event: 236.391 GC heap after
{Heap after GC invocations=92 (full 0):
 garbage-first heap   total 356352K, used 115622K [0x0000000080000000, 0x0000000100000000)
  region size 1024K, 3 young (3072K), 3 survivors (3072K)
 Metaspace       used 125481K, capacity 128535K, committed 128768K, reserved 1161216K
  class space    used 15263K, capacity 16357K, committed 16384K, reserved 1048576K
}
Event: 244.138 GC heap before
{Heap before GC invocations=93 (full 0):
 garbage-first heap   total 356352K, used 201638K [0x0000000080000000, 0x0000000100000000)
  region size 1024K, 68 young (69632K), 3 survivors (3072K)
 Metaspace       used 125719K, capacity 128728K, committed 128768K, reserved 1161216K
  class space    used 15263K, capacity 16357K, committed 16384K, reserved 1048576K
}
Event: 244.547 GC heap after
{Heap after GC invocations=94 (full 0):
 garbage-first heap   total 356352K, used 120780K [0x0000000080000000, 0x0000000100000000)
  region size 1024K, 8 young (8192K), 8 survivors (8192K)
 Metaspace       used 125719K, capacity 128728K, committed 128768K, reserved 1161216K
  class space    used 15263K, capacity 16357K, committed 16384K, reserved 1048576K
}
Event: 244.777 GC heap before
{Heap before GC invocations=94 (full 0):
 garbage-first heap   total 356352K, used 129996K [0x0000000080000000, 0x0000000100000000)
  region size 1024K, 17 young (17408K), 8 survivors (8192K)
 Metaspace       used 125755K, capacity 128792K, committed 129024K, reserved 1161216K
  class space    used 15265K, capacity 16357K, committed 16384K, reserved 1048576K
}
Event: 244.927 GC heap after
{Heap after GC invocations=95 (full 0):
 garbage-first heap   total 356352K, used 118776K [0x0000000080000000, 0x0000000100000000)
  region size 1024K, 2 young (2048K), 2 survivors (2048K)
 Metaspace       used 125755K, capacity 128792K, committed 129024K, reserved 1161216K
  class space    used 15265K, capacity 16357K, committed 16384K, reserved 1048576K
}
Event: 247.803 GC heap before
{Heap before GC invocations=95 (full 0):
 garbage-first heap   total 356352K, used 185336K [0x0000000080000000, 0x0000000100000000)
  region size 1024K, 68 young (69632K), 2 survivors (2048K)
 Metaspace       used 125926K, capacity 128923K, committed 129024K, reserved 1161216K
  class space    used 15268K, capacity 16358K, committed 16384K, reserved 1048576K
}
Event: 247.866 GC heap after
{Heap after GC invocations=96 (full 0):
 garbage-first heap   total 356352K, used 120295K [0x0000000080000000, 0x0000000100000000)
  region size 1024K, 3 young (3072K), 3 survivors (3072K)
 Metaspace       used 125926K, capacity 128923K, committed 129024K, reserved 1161216K
  class space    used 15268K, capacity 16358K, committed 16384K, reserved 1048576K
}
Event: 255.919 GC heap before
{Heap before GC invocations=97 (full 0):
 garbage-first heap   total 356352K, used 186855K [0x0000000080000000, 0x0000000100000000)
  region size 1024K, 79 young (80896K), 3 survivors (3072K)
 Metaspace       used 126093K, capacity 129066K, committed 129280K, reserved 1163264K
  class space    used 15270K, capacity 16360K, committed 16384K, reserved 1048576K
}
Event: 255.961 GC heap after
{Heap after GC invocations=98 (full 0):
 garbage-first heap   total 356352K, used 110849K [0x0000000080000000, 0x0000000100000000)
  region size 1024K, 4 young (4096K), 4 survivors (4096K)
 Metaspace       used 126093K, capacity 129066K, committed 129280K, reserved 1163264K
  class space    used 15270K, capacity 16360K, committed 16384K, reserved 1048576K
}
Event: 256.895 GC heap before
{Heap before GC invocations=98 (full 0):
 garbage-first heap   total 356352K, used 123137K [0x0000000080000000, 0x0000000100000000)
  region size 1024K, 17 young (17408K), 4 survivors (4096K)
 Metaspace       used 126105K, capacity 129130K, committed 129280K, reserved 1163264K
  class space    used 15270K, capacity 16360K, committed 16384K, reserved 1048576K
}
Event: 256.955 GC heap after
{Heap after GC invocations=99 (full 0):
 garbage-first heap   total 356352K, used 99061K [0x0000000080000000, 0x0000000100000000)
  region size 1024K, 2 young (2048K), 2 survivors (2048K)
 Metaspace       used 126105K, capacity 129130K, committed 129280K, reserved 1163264K
  class space    used 15270K, capacity 16360K, committed 16384K, reserved 1048576K
}
Event: 258.591 GC heap before
{Heap before GC invocations=99 (full 0):
 garbage-first heap   total 356352K, used 167669K [0x0000000080000000, 0x0000000100000000)
  region size 1024K, 68 young (69632K), 2 survivors (2048K)
 Metaspace       used 126176K, capacity 129200K, committed 129280K, reserved 1163264K
  class space    used 15271K, capacity 16361K, committed 16384K, reserved 1048576K
}
Event: 258.631 GC heap after
{Heap after GC invocations=100 (full 0):
 garbage-first heap   total 356352K, used 105539K [0x0000000080000000, 0x0000000100000000)
  region size 1024K, 5 young (5120K), 5 survivors (5120K)
 Metaspace       used 126176K, capacity 129200K, committed 129280K, reserved 1163264K
  class space    used 15271K, capacity 16361K, committed 16384K, reserved 1048576K
}
Event: 261.293 GC heap before
{Heap before GC invocations=101 (full 0):
 garbage-first heap   total 356352K, used 232515K [0x0000000080000000, 0x0000000100000000)
  region size 1024K, 116 young (118784K), 5 survivors (5120K)
 Metaspace       used 126268K, capacity 129332K, committed 129536K, reserved 1163264K
  class space    used 15275K, capacity 16362K, committed 16384K, reserved 1048576K
}
Event: 261.712 GC heap after
{Heap after GC invocations=102 (full 0):
 garbage-first heap   total 356352K, used 142016K [0x0000000080000000, 0x0000000100000000)
  region size 1024K, 15 young (15360K), 15 survivors (15360K)
 Metaspace       used 126268K, capacity 129332K, committed 129536K, reserved 1163264K
  class space    used 15275K, capacity 16362K, committed 16384K, reserved 1048576K
}
Event: 261.810 GC heap before
{Heap before GC invocations=102 (full 0):
 garbage-first heap   total 356352K, used 144064K [0x0000000080000000, 0x0000000100000000)
  region size 1024K, 17 young (17408K), 15 survivors (15360K)
 Metaspace       used 126268K, capacity 129332K, committed 129536K, reserved 1163264K
  class space    used 15275K, capacity 16362K, committed 16384K, reserved 1048576K
}
Event: 261.921 GC heap after
{Heap after GC invocations=103 (full 0):
 garbage-first heap   total 356352K, used 142848K [0x0000000080000000, 0x0000000100000000)
  region size 1024K, 2 young (2048K), 2 survivors (2048K)
 Metaspace       used 126268K, capacity 129332K, committed 129536K, reserved 1163264K
  class space    used 15275K, capacity 16362K, committed 16384K, reserved 1048576K
}
Event: 262.633 GC heap before
{Heap before GC invocations=103 (full 0):
 garbage-first heap   total 356352K, used 166400K [0x0000000080000000, 0x0000000100000000)
  region size 1024K, 27 young (27648K), 2 survivors (2048K)
 Metaspace       used 126871K, capacity 129912K, committed 130176K, reserved 1163264K
  class space    used 15333K, capacity 16427K, committed 16512K, reserved 1048576K
}

